<?xml version="1.0" encoding="UTF-8"?>
<!-- Generated by org.testng.reporters.JUnitReportReporter -->
<testsuite hostname="DELL" failures="0" tests="10" name="com.qa.testScripts.TC_AmazonSearch_001" time="39.460" errors="1" timestamp="2022-11-01T11:36:42 IST" skipped="3">
  <testcase classname="com.qa.testScripts.TC_AmazonSearch_001" name="amazonSuggestions" time="10.999"/>
  <system-out/>
  <testcase classname="com.qa.testScripts.TC_AmazonSearch_001" name="setUp" time="2.303">
    <error message="java.util.NoSuchElementException" type="io.github.bonigarcia.wdm.WebDriverManagerException">
      <![CDATA[io.github.bonigarcia.wdm.WebDriverManagerException: java.util.NoSuchElementException
at io.github.bonigarcia.wdm.WebDriverManager.handleException(WebDriverManager.java:776)
at io.github.bonigarcia.wdm.WebDriverManager.manage(WebDriverManager.java:550)
at io.github.bonigarcia.wdm.WebDriverManager.handleException(WebDriverManager.java:773)
at io.github.bonigarcia.wdm.WebDriverManager.manage(WebDriverManager.java:550)
at io.github.bonigarcia.wdm.WebDriverManager.handleException(WebDriverManager.java:766)
at io.github.bonigarcia.wdm.WebDriverManager.manage(WebDriverManager.java:550)
at io.github.bonigarcia.wdm.WebDriverManager.setup(WebDriverManager.java:260)
at com.qa.testScripts.TestBase.setUp(TestBase.java:36)
at java.base/jdk.internal.reflect.NativeMethodAccessorImpl.invoke0(Native Method)
at java.base/jdk.internal.reflect.NativeMethodAccessorImpl.invoke(NativeMethodAccessorImpl.java:77)
at java.base/jdk.internal.reflect.DelegatingMethodAccessorImpl.invoke(DelegatingMethodAccessorImpl.java:43)
at java.base/java.lang.reflect.Method.invoke(Method.java:568)
at org.testng.internal.MethodInvocationHelper.invokeMethod(MethodInvocationHelper.java:133)
at org.testng.internal.MethodInvocationHelper.invokeMethodConsideringTimeout(MethodInvocationHelper.java:62)
at org.testng.internal.ConfigInvoker.invokeConfigurationMethod(ConfigInvoker.java:385)
at org.testng.internal.ConfigInvoker.invokeConfigurations(ConfigInvoker.java:321)
at org.testng.internal.TestMethodWorker.invokeBeforeClassMethods(TestMethodWorker.java:176)
at org.testng.internal.TestMethodWorker.run(TestMethodWorker.java:122)
at java.base/java.util.concurrent.ThreadPoolExecutor.runWorker(ThreadPoolExecutor.java:1136)
at java.base/java.util.concurrent.ThreadPoolExecutor$Worker.run(ThreadPoolExecutor.java:635)
at java.base/java.lang.Thread.run(Thread.java:833)
Caused by: java.util.NoSuchElementException
at java.base/java.util.ArrayList$Itr.next(ArrayList.java:970)
at io.github.bonigarcia.wdm.EdgeDriverManager.checkLatest(EdgeDriverManager.java:179)
at io.github.bonigarcia.wdm.WebDriverManager.filterCandidateUrls(WebDriverManager.java:799)
at io.github.bonigarcia.wdm.WebDriverManager.downloadAndExport(WebDriverManager.java:568)
at io.github.bonigarcia.wdm.WebDriverManager.manage(WebDriverManager.java:547)
... 19 more
]]>
    </error>
  </testcase> <!-- setUp -->
  <system-out/>
  <testcase classname="com.qa.testScripts.TC_AmazonSearch_001" name="amazonSuggestions" time="5.312"/>
  <system-out/>
  <testcase classname="com.qa.testScripts.TC_AmazonSearch_001" name="Search" time="0.000">
    <skipped/>
  </testcase> <!-- Search -->
  <system-out/>
  <testcase classname="com.qa.testScripts.TC_AmazonSearch_001" name="amazonSuggestions" time="0.000">
    <skipped/>
  </testcase> <!-- amazonSuggestions -->
  <system-out/>
  <testcase classname="com.qa.testScripts.TC_AmazonSearch_001" name="signIn" time="0.000">
    <skipped/>
  </testcase> <!-- signIn -->
  <system-out/>
  <testcase classname="com.qa.testScripts.TC_AmazonSearch_001" name="signIn" time="4.736"/>
  <system-out/>
  <testcase classname="com.qa.testScripts.TC_AmazonSearch_001" name="signIn" time="3.286"/>
  <system-out/>
  <testcase classname="com.qa.testScripts.TC_AmazonSearch_001" name="Search" time="7.578"/>
  <system-out/>
  <testcase classname="com.qa.testScripts.TC_AmazonSearch_001" name="Search" time="5.246"/>
  <system-out/>
</testsuite> <!-- com.qa.testScripts.TC_AmazonSearch_001 -->
