<?xml version="1.0" encoding="UTF-8"?>
<!-- Generated by org.testng.reporters.JUnitXMLReporter -->
<testsuite ignored="0" hostname="DELL" failures="1" tests="6" name="Testonedge" time="197.026" errors="0" timestamp="2022-12-07T11:46:58 IST">
  <testcase classname="com.qa.testScripts.Tc_AmazonSearch_002" name="search" time="21.389"/>
  <testcase classname="com.qa.testScripts.Tc_AmazonSearch_002" name="search" time="18.806"/>
  <testcase classname="com.qa.testScripts.Tc_AmazonSearch_002" name="search" time="21.886"/>
  <testcase classname="com.qa.testScripts.Tc_AmazonSearch_002" name="search" time="27.473"/>
  <testcase classname="com.qa.testScripts.Tc_AmazonSearch_002" name="search" time="28.291"/>
  <testcase classname="com.qa.testScripts.Tc_AmazonSearch_002" name="search" time="48.285">
    <failure type="org.openqa.selenium.NoSuchElementException" message="Cannot locate element with text: vouchers
For documentation on this error, please visit: https://www.seleniumhq.org/exceptions/no_such_element.html
Build info: version: &amp;apos;3.141.59&amp;apos;, revision: &amp;apos;e82be7d358&amp;apos;, time: &amp;apos;2018-11-14T08:17:03&amp;apos;
System info: host: &amp;apos;DELL&amp;apos;, ip: &amp;apos;192.168.43.220&amp;apos;, os.name: &amp;apos;Windows 11&amp;apos;, os.arch: &amp;apos;amd64&amp;apos;, os.version: &amp;apos;10.0&amp;apos;, java.version: &amp;apos;17.0.5&amp;apos;
Driver info: driver.version: unknown">
      <![CDATA[org.openqa.selenium.NoSuchElementException: Cannot locate element with text: vouchers
For documentation on this error, please visit: https://www.seleniumhq.org/exceptions/no_such_element.html
Build info: version: '3.141.59', revision: 'e82be7d358', time: '2018-11-14T08:17:03'
System info: host: 'DELL', ip: '192.168.43.220', os.name: 'Windows 11', os.arch: 'amd64', os.version: '10.0', java.version: '17.0.5'
Driver info: driver.version: unknown
at org.openqa.selenium.support.ui.Select.selectByVisibleText(Select.java:147)
at com.qa.testScripts.Tc_AmazonSearch_002.search(Tc_AmazonSearch_002.java:45)
at java.base/java.util.concurrent.ThreadPoolExecutor.runWorker(ThreadPoolExecutor.java:1136)
at java.base/java.util.concurrent.ThreadPoolExecutor$Worker.run(ThreadPoolExecutor.java:635)
at java.base/java.lang.Thread.run(Thread.java:833)
... Removed 12 stack frames]]>
    </failure>
  </testcase> <!-- search -->
</testsuite> <!-- Testonedge -->
